This is XeTeX, Version 3.141592653-2.6-0.999995 (MiKTeX 24.1) (preloaded format=xelatex 2025.10.22)  28 OCT 2025 18:39
entering extended mode
 restricted \write18 enabled.
 %&-line parsing enabled.
**PropsoalTA.tex
(C:\Users\Harry\AppData\Local\Programs\MiKTeX\tex/latex/tools\q.tex
LaTeX2e <2023-11-01> patch level 1
L3 programming layer <2024-01-04>
File ignored
)
! Emergency stop.
<*> PropsoalTA.tex
                  
*** (job aborted, no legal \end found)

 
Here is how much of TeX's memory you used:
 17 strings out of 409617
 339 string characters out of 5774012
 1917191 words of memory out of 5000000
 22197 multiletter control sequences out of 15000+600000
 558069 words of font info for 36 fonts, out of 8000000 for 9000
 1348 hyphenation exceptions out of 8191
 11i,0n,13p,94b,8s stack positions out of 10000i,1000n,20000p,200000b,200000s
No pages of output.
